#
# A fatal error has been detected by the Java Runtime Environment:
#
#  EXCEPTION_ACCESS_VIOLATION (0xc0000005) at pc=0x00007ffce6d86473, pid=22056, tid=10716
#
# JRE version: OpenJDK Runtime Environment Temurin-17.0.7+7 (17.0.7+7) (build 17.0.7+7)
# Java VM: OpenJDK 64-Bit Server VM Temurin-17.0.7+7 (17.0.7+7, mixed mode, tiered, compressed oops, compressed class ptrs, g1 gc, windows-amd64)
# Problematic frame:
# V  [jvm.dll+0x336473]
#
# No core dump will be written. Minidumps are not enabled by default on client versions of Windows
#
# If you would like to submit a bug report, please visit:
#   https://github.com/adoptium/adoptium-support/issues
#

---------------  S U M M A R Y ------------

Command Line: -XX:+ShowCodeDetailsInExceptionMessages -agentlib:jdwp=transport=dt_socket,suspend=y,address=localhost:60292 -ea -javaagent:C:\Users\karth\.eclipse\org.eclipse.platform_4.28.0_129370284_win32_win32_x86_64\configuration\org.eclipse.osgi\430\0\.cp\lib\javaagent-shaded.jar -Dfile.encoding=UTF-8 org.eclipse.jdt.internal.junit.runner.RemoteTestRunner -version 3 -port 60291 -testLoaderClass org.eclipse.jdt.internal.junit5.runner.JUnit5TestLoader -loaderpluginname org.eclipse.jdt.junit5.runtime -classNames com.springBootFramework.ApplicationTests

Host: 12th Gen Intel(R) Core(TM) i7-1250U, 12 cores, 15G,  Windows 11 , 64 bit Build 26100 (10.0.26100.1882)
Time: Wed Nov 20 00:23:42 2024 GMT Standard Time elapsed time: 70.533944 seconds (0d 0h 1m 10s)

---------------  T H R E A D  ---------------

Current thread (0x0000020c3809e260):  VMThread "VM Thread" [stack: 0x000000366c800000,0x000000366c900000] [id=10716]

Stack: [0x000000366c800000,0x000000366c900000],  sp=0x000000366c8ff100,  free space=1020k
Native frames: (J=compiled Java code, j=interpreted, Vv=VM code, C=native code)
V  [jvm.dll+0x336473]
V  [jvm.dll+0x33a2c2]
V  [jvm.dll+0x33a6ef]
V  [jvm.dll+0x336863]
V  [jvm.dll+0x665b6a]
V  [jvm.dll+0x665883]
V  [jvm.dll+0x62a1b8]
V  [jvm.dll+0x82ba45]
V  [jvm.dll+0x528be6]
V  [jvm.dll+0x83a5bb]
V  [jvm.dll+0x83b2f4]
V  [jvm.dll+0x83b80c]
V  [jvm.dll+0x83bbe4]
V  [jvm.dll+0x83bcb0]
V  [jvm.dll+0x7e4e7a]
V  [jvm.dll+0x676395]
C  [ucrtbase.dll+0x14ea0]
C  [KERNEL32.DLL+0x2dbe7]
C  [ntdll.dll+0x85a4c]


siginfo: EXCEPTION_ACCESS_VIOLATION (0xc0000005), reading address 0xffffffffffffffff


Register to memory mapping:

RIP=0x00007ffce6d86473 jvm.dll
RAX=0x0000020c40bc4f00 points into unknown readable memory: 0x0000000000000001 | 01 00 00 00 00 00 00 00
RBX=0x000000366c8ff2d0 points into unknown readable memory: 0x00007ffce73f44e0 | e0 44 3f e7 fc 7f 00 00
RCX=0x000000366c8ff340 points into unknown readable memory: 0x0000020c40bc4f00 | 00 4f bc 40 0c 02 00 00
RDX=0xffffffffffffca2b is an unknown value
RSP=0x000000366c8ff100 points into unknown readable memory: 0x0000000000000040 | 40 00 00 00 00 00 00 00
RBP=0x00007ffce6d86450 jvm.dll
RSI=0x0 is NULL
RDI=0x000000366c8ff2d0 points into unknown readable memory: 0x00007ffce73f44e0 | e0 44 3f e7 fc 7f 00 00
R8 =0x03ffffffffffff28 is an unknown value
R9 =0x000000000000002b is an unknown value
R10=0x00007ffce6a50000 jvm.dll
R11=0x0000020c40bc4f00 points into unknown readable memory: 0x0000000000000001 | 01 00 00 00 00 00 00 00
R12=0x00007ffce7362b88 jvm.dll
R13=0x0000000000000001 is an unknown value
R14=0x0000000000000008 is an unknown value
R15=0x0000020c3d664a70 is pointing into metadata


Registers:
RAX=0x0000020c40bc4f00, RBX=0x000000366c8ff2d0, RCX=0x000000366c8ff340, RDX=0xffffffffffffca2b
RSP=0x000000366c8ff100, RBP=0x00007ffce6d86450, RSI=0x0000000000000000, RDI=0x000000366c8ff2d0
R8 =0x03ffffffffffff28, R9 =0x000000000000002b, R10=0x00007ffce6a50000, R11=0x0000020c40bc4f00
R12=0x00007ffce7362b88, R13=0x0000000000000001, R14=0x0000000000000008, R15=0x0000020c3d664a70
RIP=0x00007ffce6d86473, EFLAGS=0x0000000000010a07

Top of Stack: (sp=0x000000366c8ff100)
0x000000366c8ff100:   0000000000000040 0000003600000000
0x000000366c8ff110:   0000000000000000 00007ffce6d9c314
0x000000366c8ff120:   000000366c8ff1a0 00007ffce6d8a2c2
0x000000366c8ff130:   000000366c8ff1b0 0000020c40bc4eb0
0x000000366c8ff140:   000000366c8ff1a0 00007ffce6b77a6e
0x000000366c8ff150:   0000020c3d664b50 0000000000000018
0x000000366c8ff160:   0000020c3d664aa8 00000000000000c6
0x000000366c8ff170:   00000000000000c6 00007ffce6d8a6ef
0x000000366c8ff180:   000000366c8ff2d0 000000366c8ff1d0
0x000000366c8ff190:   0000000000000008 000000366c8ff1d0
0x000000366c8ff1a0:   0000020c3d664b50 0000020c3809e260
0x000000366c8ff1b0:   0000000b00000008 000000c600000085
0x000000366c8ff1c0:   0000008500000000 ffffffff000000c6
0x000000366c8ff1d0:   0000020c40bcbb88 00007ffce75f5970
0x000000366c8ff1e0:   00007ffce7362b88 0000000000000000
0x000000366c8ff1f0:   0000020c40bc4e60 00007ffce6d86863 

Instructions: (pc=0x00007ffce6d86473)
0x00007ffce6d86373:   4c 63 fa 48 8b f1 48 85 db 74 13 66 90 39 3b 0f
0x00007ffce6d86383:   84 a6 00 00 00 48 8b 5b 10 48 85 db 75 ef 33 d2
0x00007ffce6d86393:   8d 4a 18 e8 f5 77 39 00 48 8b d8 48 85 c0 0f 84
0x00007ffce6d863a3:   82 00 00 00 33 d2 4c 89 74 24 50 4c 8b 36 89 38
0x00007ffce6d863b3:   8d 4a 18 e8 d5 77 39 00 48 8b f8 48 85 c0 74 55
0x00007ffce6d863c3:   48 89 6c 24 48 ba 08 00 00 00 8b 2d 35 9e 7c 00
0x00007ffce6d863d3:   8b cd e8 16 59 01 00 c7 07 00 00 00 00 89 6f 04
0x00007ffce6d863e3:   48 89 47 08 85 ed 7e 11 44 8b c5 33 d2 49 c1 e0
0x00007ffce6d863f3:   03 48 8b c8 e8 56 9d 55 00 48 8b 6c 24 48 48 c7
0x00007ffce6d86403:   47 10 00 00 00 00 4c 89 73 10 4c 8b 74 24 50 48
0x00007ffce6d86413:   89 7b 08 eb 13 33 ff 4c 89 73 10 4c 8b 74 24 50
0x00007ffce6d86423:   48 89 7b 08 eb 02 33 db 48 89 1e 48 8b 4b 08 48
0x00007ffce6d86433:   8d 54 24 40 4c 89 7c 24 40 e8 df 45 cd ff 48 8b
0x00007ffce6d86443:   5c 24 58 48 83 c4 20 41 5f 5f 5e c3 cc 40 53 48
0x00007ffce6d86453:   83 ec 20 48 63 d2 48 8b d9 0f b6 c2 48 83 c1 70
0x00007ffce6d86463:   24 3f 4c 8b c2 44 0f b6 c8 49 c1 e8 06 48 8b 01
0x00007ffce6d86473:   4e 8b 04 c0 4d 0f a3 c8 72 0b 41 b0 01 e8 db 6e
0x00007ffce6d86483:   de ff ff 43 6c 48 83 c4 20 5b c3 cc cc 8b c2 4c
0x00007ffce6d86493:   8b d1 41 33 c0 a9 00 00 00 f0 0f 84 ca 00 00 00
0x00007ffce6d864a3:   44 8b ca 8b c2 41 c1 e9 1d b9 72 00 00 00 41 80
0x00007ffce6d864b3:   e1 01 c1 e8 1e 44 8d 59 ae a8 01 74 1a 45 84 c9
0x00007ffce6d864c3:   75 0d c1 ea 1c f6 c2 01 75 05 44 8b c9 eb 35 41
0x00007ffce6d864d3:   b9 23 00 00 00 eb 2d 45 84 c9 74 08 41 b9 76 00
0x00007ffce6d864e3:   00 00 eb 20 8b c2 c1 e8 1c a8 01 74 08 41 b9 70
0x00007ffce6d864f3:   00 00 00 eb 0f c1 ea 1f 41 b9 40 00 00 00 84 d2
0x00007ffce6d86503:   45 0f 45 cb 41 8b d0 41 8b c0 c1 ea 1d 80 e2 01
0x00007ffce6d86513:   c1 e8 1e a8 01 74 15 84 d2 75 0a 41 c1 e8 1c 41
0x00007ffce6d86523:   f6 c0 01 74 33 b9 23 00 00 00 eb 2c 84 d2 74 07
0x00007ffce6d86533:   b9 76 00 00 00 eb 21 41 8b c0 c1 e8 1c a8 01 74
0x00007ffce6d86543:   07 b9 70 00 00 00 eb 10 41 c1 e8 1f b9 40 00 00
0x00007ffce6d86553:   00 45 84 c0 41 0f 45 cb 44 8b c1 48 8d 15 b3 68
0x00007ffce6d86563:   62 00 49 8b ca e9 c3 56 00 00 c3 cc cc 40 53 48 


Stack slot to memory mapping:
stack at sp + 0 slots: 0x0000000000000040 is an unknown value
stack at sp + 1 slots: 0x0000003600000000 is an unknown value
stack at sp + 2 slots: 0x0 is NULL
stack at sp + 3 slots: 0x00007ffce6d9c314 jvm.dll
stack at sp + 4 slots: 0x000000366c8ff1a0 points into unknown readable memory: 0x0000020c3d664b50 | 50 4b 66 3d 0c 02 00 00
stack at sp + 5 slots: 0x00007ffce6d8a2c2 jvm.dll
stack at sp + 6 slots: 0x000000366c8ff1b0 points into unknown readable memory: 0x0000000b00000008 | 08 00 00 00 0b 00 00 00
stack at sp + 7 slots: 0x0000020c40bc4eb0 points into unknown readable memory: 0x0000000500000000 | 00 00 00 00 05 00 00 00

VM_Operation (0x000000366d4ff270): get/set locals, mode: safepoint, requested by thread 0x0000020c3af3d5b0


---------------  P R O C E S S  ---------------

Threads class SMR info:
_java_thread_list=0x0000020c4178b530, length=18, elements={
0x0000020c1beb14b0, 0x0000020c3abcb510, 0x0000020c3abce4e0, 0x0000020c3abe8590,
0x0000020c3ac30130, 0x0000020c3ac31c00, 0x0000020c3ac366d0, 0x0000020c3ac393d0,
0x0000020c3ac492e0, 0x0000020c3ac4a7d0, 0x0000020c3ada7410, 0x0000020c3af3d5b0,
0x0000020c3af3e450, 0x0000020c3f14ee80, 0x0000020c3f61dbd0, 0x0000020c3fc7e670,
0x0000020c43806880, 0x0000020c43808090
}

Java Threads: ( => current thread )
  0x0000020c1beb14b0 JavaThread "main" [_thread_blocked, id=33896, stack(0x000000366c100000,0x000000366c200000)]
  0x0000020c3abcb510 JavaThread "Reference Handler" daemon [_thread_blocked, id=12524, stack(0x000000366c900000,0x000000366ca00000)]
  0x0000020c3abce4e0 JavaThread "Finalizer" daemon [_thread_blocked, id=31616, stack(0x000000366ca00000,0x000000366cb00000)]
  0x0000020c3abe8590 JavaThread "Signal Dispatcher" daemon [_thread_blocked, id=2536, stack(0x000000366cb00000,0x000000366cc00000)]
  0x0000020c3ac30130 JavaThread "Attach Listener" daemon [_thread_blocked, id=10700, stack(0x000000366cc00000,0x000000366cd00000)]
  0x0000020c3ac31c00 JavaThread "Service Thread" daemon [_thread_blocked, id=27072, stack(0x000000366cd00000,0x000000366ce00000)]
  0x0000020c3ac366d0 JavaThread "Monitor Deflation Thread" daemon [_thread_blocked, id=30864, stack(0x000000366ce00000,0x000000366cf00000)]
  0x0000020c3ac393d0 JavaThread "C2 CompilerThread0" daemon [_thread_blocked, id=15256, stack(0x000000366cf00000,0x000000366d000000)]
  0x0000020c3ac492e0 JavaThread "C1 CompilerThread0" daemon [_thread_blocked, id=32036, stack(0x000000366d000000,0x000000366d100000)]
  0x0000020c3ac4a7d0 JavaThread "Sweeper thread" daemon [_thread_blocked, id=26312, stack(0x000000366d100000,0x000000366d200000)]
  0x0000020c3ada7410 JavaThread "Common-Cleaner" daemon [_thread_blocked, id=30112, stack(0x000000366d200000,0x000000366d300000)]
  0x0000020c3af3d5b0 JavaThread "JDWP Transport Listener: dt_socket" daemon [_thread_blocked, id=1912, stack(0x000000366d400000,0x000000366d500000)]
  0x0000020c3af3e450 JavaThread "JDWP Event Helper Thread" daemon [_thread_blocked, id=13096, stack(0x000000366d500000,0x000000366d600000)]
  0x0000020c3f14ee80 JavaThread "JDWP Command Reader" daemon [_thread_in_native, id=9900, stack(0x000000366d600000,0x000000366d700000)]
  0x0000020c3f61dbd0 JavaThread "Notification Thread" daemon [_thread_blocked, id=7564, stack(0x000000366d700000,0x000000366d800000)]
  0x0000020c3fc7e670 JavaThread "ReaderThread" [_thread_in_native, id=13196, stack(0x000000366d900000,0x000000366da00000)]
  0x0000020c43806880 JavaThread "mysql-cj-abandoned-connection-cleanup" daemon [_thread_blocked, id=26460, stack(0x000000366e700000,0x000000366e800000)]
  0x0000020c43808090 JavaThread "HikariPool-1 housekeeper" daemon [_thread_blocked, id=8544, stack(0x000000366e900000,0x000000366ea00000)]

Other Threads:
=>0x0000020c3809e260 VMThread "VM Thread" [stack: 0x000000366c800000,0x000000366c900000] [id=10716]
  0x0000020c37eb1050 WatcherThread [stack: 0x000000366d800000,0x000000366d900000] [id=25704]
  0x0000020c1bf1e2a0 GCTaskThread "GC Thread#0" [stack: 0x000000366c300000,0x000000366c400000] [id=10732]
  0x0000020c3fe29820 GCTaskThread "GC Thread#1" [stack: 0x000000366da00000,0x000000366db00000] [id=6072]
  0x0000020c3fe29ed0 GCTaskThread "GC Thread#2" [stack: 0x000000366db00000,0x000000366dc00000] [id=5980]
  0x0000020c40045490 GCTaskThread "GC Thread#3" [stack: 0x000000366dc00000,0x000000366dd00000] [id=28952]
  0x0000020c40045740 GCTaskThread "GC Thread#4" [stack: 0x000000366dd00000,0x000000366de00000] [id=9196]
  0x0000020c400459f0 GCTaskThread "GC Thread#5" [stack: 0x000000366de00000,0x000000366df00000] [id=21540]
  0x0000020c3fe878f0 GCTaskThread "GC Thread#6" [stack: 0x000000366df00000,0x000000366e000000] [id=16948]
  0x0000020c3fe5f950 GCTaskThread "GC Thread#7" [stack: 0x000000366e000000,0x000000366e100000] [id=12896]
  0x0000020c40199820 GCTaskThread "GC Thread#8" [stack: 0x000000366e100000,0x000000366e200000] [id=27344]
  0x0000020c40196160 GCTaskThread "GC Thread#9" [stack: 0x000000366e200000,0x000000366e300000] [id=22260]
  0x0000020c37ea0bf0 ConcurrentGCThread "G1 Main Marker" [stack: 0x000000366c400000,0x000000366c500000] [id=13236]
  0x0000020c37ea2170 ConcurrentGCThread "G1 Conc#0" [stack: 0x000000366c500000,0x000000366c600000] [id=14264]
  0x0000020c42916540 ConcurrentGCThread "G1 Conc#1" [stack: 0x000000366e400000,0x000000366e500000] [id=8248]
  0x0000020c429167f0 ConcurrentGCThread "G1 Conc#2" [stack: 0x000000366e500000,0x000000366e600000] [id=25408]
  0x0000020c37f84780 ConcurrentGCThread "G1 Refine#0" [stack: 0x000000366c600000,0x000000366c700000] [id=21360]
  0x0000020c448b5fa0 ConcurrentGCThread "G1 Refine#1" [stack: 0x000000366e600000,0x000000366e700000] [id=31216]
  0x0000020c37f86050 ConcurrentGCThread "G1 Service" [stack: 0x000000366c700000,0x000000366c800000] [id=14272]

Threads with active compile tasks:

VM state: at safepoint (normal execution)

VM Mutex/Monitor currently owned by a thread:  ([mutex/lock_event])
[0x0000020c1bea9ef0] Threads_lock - owner thread: 0x0000020c3809e260

Heap address: 0x0000000704c00000, size: 4020 MB, Compressed Oops mode: Zero based, Oop shift amount: 3

CDS archive(s) not mapped
Compressed class space mapped at: 0x0000000800000000-0x0000000840000000, reserved size: 1073741824
Narrow klass base: 0x0000000800000000, Narrow klass shift: 0, Narrow klass range: 0x40000000

GC Precious Log:
 CPUs: 12 total, 12 available
 Memory: 16077M
 Large Page Support: Disabled
 NUMA Support: Disabled
 Compressed Oops: Enabled (Zero based)
 Heap Region Size: 2M
 Heap Min Capacity: 8M
 Heap Initial Capacity: 252M
 Heap Max Capacity: 4020M
 Pre-touch: Disabled
 Parallel Workers: 10
 Concurrent Workers: 3
 Concurrent Refinement Workers: 10
 Periodic GC: Disabled

Heap:
 garbage-first heap   total 81920K, used 45349K [0x0000000704c00000, 0x0000000800000000)
  region size 2048K, 11 young (22528K), 2 survivors (4096K)
 Metaspace       used 78826K, committed 79360K, reserved 1179648K
  class space    used 10253K, committed 10496K, reserved 1048576K

Heap Regions: E=young(eden), S=young(survivor), O=old, HS=humongous(starts), HC=humongous(continues), CS=collection set, F=free, OA=open archive, CA=closed archive, TAMS=top-at-mark-start (previous, next)
|   0|0x0000000704c00000, 0x0000000704e00000, 0x0000000704e00000|100%| O|  |TAMS 0x0000000704e00000, 0x0000000704c00000| Untracked 
|   1|0x0000000704e00000, 0x0000000705000000, 0x0000000705000000|100%| O|  |TAMS 0x0000000705000000, 0x0000000704e00000| Untracked 
|   2|0x0000000705000000, 0x0000000705200000, 0x0000000705200000|100%| O|  |TAMS 0x0000000705200000, 0x0000000705000000| Untracked 
|   3|0x0000000705200000, 0x0000000705400000, 0x0000000705400000|100%| O|  |TAMS 0x0000000705400000, 0x0000000705200000| Untracked 
|   4|0x0000000705400000, 0x0000000705600000, 0x0000000705600000|100%| O|  |TAMS 0x0000000705600000, 0x0000000705400000| Untracked 
|   5|0x0000000705600000, 0x0000000705800000, 0x0000000705800000|100%| O|  |TAMS 0x0000000705600000, 0x0000000705600000| Untracked 
|   6|0x0000000705800000, 0x0000000705a00000, 0x0000000705a00000|100%| O|  |TAMS 0x0000000705a00000, 0x0000000705800000| Untracked 
|   7|0x0000000705a00000, 0x0000000705c00000, 0x0000000705c00000|100%| O|  |TAMS 0x0000000705c00000, 0x0000000705a00000| Untracked 
|   8|0x0000000705c00000, 0x0000000705dbaa00, 0x0000000705e00000| 86%| O|  |TAMS 0x0000000705dbaa00, 0x0000000705c00000| Untracked 
|   9|0x0000000705e00000, 0x0000000706000000, 0x0000000706000000|100%| O|  |TAMS 0x0000000705e00000, 0x0000000705e00000| Untracked 
|  10|0x0000000706000000, 0x0000000706200000, 0x0000000706200000|100%| O|  |TAMS 0x0000000706000000, 0x0000000706000000| Untracked 
|  11|0x0000000706200000, 0x0000000706400000, 0x0000000706400000|100%| O|  |TAMS 0x0000000706200000, 0x0000000706200000| Untracked 
|  12|0x0000000706400000, 0x00000007064eea00, 0x0000000706600000| 46%| O|  |TAMS 0x0000000706400000, 0x0000000706400000| Untracked 
|  13|0x0000000706600000, 0x0000000706600000, 0x0000000706800000|  0%| F|  |TAMS 0x0000000706600000, 0x0000000706600000| Untracked 
|  14|0x0000000706800000, 0x0000000706800000, 0x0000000706a00000|  0%| F|  |TAMS 0x0000000706800000, 0x0000000706800000| Untracked 
|  15|0x0000000706a00000, 0x0000000706a00000, 0x0000000706c00000|  0%| F|  |TAMS 0x0000000706a00000, 0x0000000706a00000| Untracked 
|  16|0x0000000706c00000, 0x0000000706c00000, 0x0000000706e00000|  0%| F|  |TAMS 0x0000000706c00000, 0x0000000706c00000| Untracked 
|  17|0x0000000706e00000, 0x0000000706e00000, 0x0000000707000000|  0%| F|  |TAMS 0x0000000706e00000, 0x0000000706e00000| Untracked 
|  18|0x0000000707000000, 0x0000000707000000, 0x0000000707200000|  0%| F|  |TAMS 0x0000000707000000, 0x0000000707000000| Untracked 
|  19|0x0000000707200000, 0x0000000707200000, 0x0000000707400000|  0%| F|  |TAMS 0x0000000707200000, 0x0000000707200000| Untracked 
|  20|0x0000000707400000, 0x00000007075a0140, 0x0000000707600000| 81%| S|CS|TAMS 0x0000000707400000, 0x0000000707400000| Complete 
|  21|0x0000000707600000, 0x0000000707800000, 0x0000000707800000|100%| S|CS|TAMS 0x0000000707600000, 0x0000000707600000| Complete 
|  22|0x0000000707800000, 0x0000000707800000, 0x0000000707a00000|  0%| F|  |TAMS 0x0000000707800000, 0x0000000707800000| Untracked 
|  23|0x0000000707a00000, 0x0000000707a00000, 0x0000000707c00000|  0%| F|  |TAMS 0x0000000707a00000, 0x0000000707a00000| Untracked 
|  24|0x0000000707c00000, 0x0000000707c00000, 0x0000000707e00000|  0%| F|  |TAMS 0x0000000707c00000, 0x0000000707c00000| Untracked 
|  25|0x0000000707e00000, 0x0000000707e00000, 0x0000000708000000|  0%| F|  |TAMS 0x0000000707e00000, 0x0000000707e00000| Untracked 
|  26|0x0000000708000000, 0x0000000708000000, 0x0000000708200000|  0%| F|  |TAMS 0x0000000708000000, 0x0000000708000000| Untracked 
|  27|0x0000000708200000, 0x0000000708200000, 0x0000000708400000|  0%| F|  |TAMS 0x0000000708200000, 0x0000000708200000| Untracked 
|  28|0x0000000708400000, 0x0000000708400000, 0x0000000708600000|  0%| F|  |TAMS 0x0000000708400000, 0x0000000708400000| Untracked 
|  29|0x0000000708600000, 0x0000000708600000, 0x0000000708800000|  0%| F|  |TAMS 0x0000000708600000, 0x0000000708600000| Untracked 
|  30|0x0000000708800000, 0x0000000708800000, 0x0000000708a00000|  0%| F|  |TAMS 0x0000000708800000, 0x0000000708800000| Untracked 
|  31|0x0000000708a00000, 0x0000000708bd6810, 0x0000000708c00000| 91%| E|  |TAMS 0x0000000708a00000, 0x0000000708a00000| Complete 
|  32|0x0000000708c00000, 0x0000000708e00000, 0x0000000708e00000|100%| E|CS|TAMS 0x0000000708c00000, 0x0000000708c00000| Complete 
|  33|0x0000000708e00000, 0x0000000709000000, 0x0000000709000000|100%| E|CS|TAMS 0x0000000708e00000, 0x0000000708e00000| Complete 
|  34|0x0000000709000000, 0x0000000709200000, 0x0000000709200000|100%| E|CS|TAMS 0x0000000709000000, 0x0000000709000000| Complete 
|  35|0x0000000709200000, 0x0000000709400000, 0x0000000709400000|100%| E|CS|TAMS 0x0000000709200000, 0x0000000709200000| Complete 
|  64|0x000000070cc00000, 0x000000070ce00000, 0x000000070ce00000|100%| E|CS|TAMS 0x000000070cc00000, 0x000000070cc00000| Complete 
|  65|0x000000070ce00000, 0x000000070d000000, 0x000000070d000000|100%| E|CS|TAMS 0x000000070ce00000, 0x000000070ce00000| Complete 
|  66|0x000000070d000000, 0x000000070d200000, 0x000000070d200000|100%| E|CS|TAMS 0x000000070d000000, 0x000000070d000000| Complete 
|  76|0x000000070e400000, 0x000000070e600000, 0x000000070e600000|100%| E|CS|TAMS 0x000000070e400000, 0x000000070e400000| Complete 

Card table byte_map: [0x0000020c2f140000,0x0000020c2f920000] _byte_map_base: 0x0000020c2b91a000

Marking Bits (Prev, Next): (CMBitMap*) 0x0000020c1bf1e8f0, (CMBitMap*) 0x0000020c1bf1e8b0
 Prev Bits: [0x0000020c33fd0000, 0x0000020c37ea0000)
 Next Bits: [0x0000020c30100000, 0x0000020c33fd0000)

Polling page: 0x0000020c19ce0000

Metaspace:

Usage:
  Non-class:     66.97 MB used.
      Class:     10.01 MB used.
       Both:     76.98 MB used.

Virtual space:
  Non-class space:      128.00 MB reserved,      67.25 MB ( 53%) committed,  2 nodes.
      Class space:        1.00 GB reserved,      10.25 MB (  1%) committed,  1 nodes.
             Both:        1.12 GB reserved,      77.50 MB (  7%) committed. 

Chunk freelists:
   Non-Class:  12.73 MB
       Class:  5.58 MB
        Both:  18.31 MB

MaxMetaspaceSize: unlimited
CompressedClassSpaceSize: 1.00 GB
Initial GC threshold: 21.00 MB
Current GC threshold: 97.94 MB
CDS: off
MetaspaceReclaimPolicy: balanced
 - commit_granule_bytes: 65536.
 - commit_granule_words: 8192.
 - virtual_space_node_default_size: 8388608.
 - enlarge_chunks_in_place: 1.
 - new_chunks_are_fully_committed: 0.
 - uncommit_free_chunks: 1.
 - use_allocation_guard: 0.
 - handle_deallocations: 1.


Internal statistics:

num_allocs_failed_limit: 9.
num_arena_births: 702.
num_arena_deaths: 0.
num_vsnodes_births: 3.
num_vsnodes_deaths: 0.
num_space_committed: 1240.
num_space_uncommitted: 0.
num_chunks_returned_to_freelist: 9.
num_chunks_taken_from_freelist: 3119.
num_chunk_merges: 6.
num_chunk_splits: 2262.
num_chunks_enlarged: 1818.
num_inconsistent_stats: 0.

CodeHeap 'non-profiled nmethods': size=120000Kb used=4462Kb max_used=4567Kb free=115537Kb
 bounds [0x0000020c26ff0000, 0x0000020c274d0000, 0x0000020c2e520000]
CodeHeap 'profiled nmethods': size=120000Kb used=10196Kb max_used=12372Kb free=109803Kb
 bounds [0x0000020c1f520000, 0x0000020c20140000, 0x0000020c26a50000]
CodeHeap 'non-nmethods': size=5760Kb used=1436Kb max_used=1522Kb free=4323Kb
 bounds [0x0000020c26a50000, 0x0000020c26cc0000, 0x0000020c26ff0000]
 total_blobs=6209 nmethods=5511 adapters=609
 compilation: enabled
              stopped_count=0, restarted_count=0
 full_count=0

Compilation events (20 events):
Event: 14.372 Thread 0x0000020c3ac393d0 6258       4       java.lang.Class::descriptorString (170 bytes)
Event: 14.529 Thread 0x0000020c3ac393d0 nmethod 6258 0x0000020c273bec90 code [0x0000020c273bf000, 0x0000020c273c4080]
Event: 14.529 Thread 0x0000020c3ac393d0 6799       4       java.util.Spliterators$ArraySpliterator::estimateSize (11 bytes)
Event: 14.530 Thread 0x0000020c3ac393d0 nmethod 6799 0x0000020c270a5c10 code [0x0000020c270a5d80, 0x0000020c270a5df8]
Event: 14.530 Thread 0x0000020c3ac393d0 7226       4       java.util.stream.Sink::begin (1 bytes)
Event: 14.530 Thread 0x0000020c3ac393d0 nmethod 7226 0x0000020c272b8f90 code [0x0000020c272b9100, 0x0000020c272b9178]
Event: 14.530 Thread 0x0000020c3ac393d0 7129       4       java.io.OutputStream::flush (1 bytes)
Event: 14.530 Thread 0x0000020c3ac393d0 nmethod 7129 0x0000020c272b8c90 code [0x0000020c272b8e00, 0x0000020c272b8e78]
Event: 14.530 Thread 0x0000020c3ac393d0 6510       4       org.springframework.util.ReflectionUtils$$Lambda$921/0x000000080060e000::doWith (11 bytes)
Event: 14.531 Thread 0x0000020c3ac393d0 nmethod 6510 0x0000020c272b8990 code [0x0000020c272b8b00, 0x0000020c272b8bb8]
Event: 14.531 Thread 0x0000020c3ac393d0 7043       4       java.util.regex.Pattern$GroupHead::match (47 bytes)
Event: 14.532 Thread 0x0000020c3ac393d0 nmethod 7043 0x0000020c272b8210 code [0x0000020c272b83a0, 0x0000020c272b8578]
Event: 14.583 Thread 0x0000020c418a64b0 nmethod 7012 0x0000020c274a0610 code [0x0000020c274a0ea0, 0x0000020c274ad6a8]
Event: 14.788 Thread 0x0000020c438a4a20 nmethod 7231 0x0000020c274b5990 code [0x0000020c274b6360, 0x0000020c274c6750]
Event: 19.039 Thread 0x0000020c3ac492e0 7234       1       org.springframework.http.HttpMethod::name (5 bytes)
Event: 19.039 Thread 0x0000020c3ac492e0 nmethod 7234 0x0000020c2720b290 code [0x0000020c2720b420, 0x0000020c2720b4f8]
Event: 19.042 Thread 0x0000020c3ac492e0 7235       3       org.springframework.core.convert.TypeDescriptor::equals (132 bytes)
Event: 19.043 Thread 0x0000020c3ac492e0 nmethod 7235 0x0000020c1ffb7990 code [0x0000020c1ffb7c80, 0x0000020c1ffb91d8]
Event: 19.044 Thread 0x0000020c3ac492e0 7236       1       org.springframework.core.annotation.AnnotatedMethod::getBridgedMethod (5 bytes)
Event: 19.045 Thread 0x0000020c3ac492e0 nmethod 7236 0x0000020c2720af90 code [0x0000020c2720b120, 0x0000020c2720b1f8]

GC Heap History (20 events):
Event: 5.162 GC heap before
{Heap before GC invocations=12 (full 0):
 garbage-first heap   total 55296K, used 18319K [0x0000000704c00000, 0x0000000800000000)
  region size 2048K, 2 young (4096K), 1 survivors (2048K)
 Metaspace       used 38145K, committed 38528K, reserved 1114112K
  class space    used 4483K, committed 4672K, reserved 1048576K
}
Event: 5.168 GC heap after
{Heap after GC invocations=13 (full 0):
 garbage-first heap   total 55296K, used 16474K [0x0000000704c00000, 0x0000000800000000)
  region size 2048K, 1 young (2048K), 1 survivors (2048K)
 Metaspace       used 38145K, committed 38528K, reserved 1114112K
  class space    used 4483K, committed 4672K, reserved 1048576K
}
Event: 5.981 GC heap before
{Heap before GC invocations=13 (full 0):
 garbage-first heap   total 55296K, used 39002K [0x0000000704c00000, 0x0000000800000000)
  region size 2048K, 13 young (26624K), 1 survivors (2048K)
 Metaspace       used 40464K, committed 40896K, reserved 1114112K
  class space    used 4850K, committed 5056K, reserved 1048576K
}
Event: 5.984 GC heap after
{Heap after GC invocations=14 (full 0):
 garbage-first heap   total 157696K, used 16836K [0x0000000704c00000, 0x0000000800000000)
  region size 2048K, 1 young (2048K), 1 survivors (2048K)
 Metaspace       used 40464K, committed 40896K, reserved 1114112K
  class space    used 4850K, committed 5056K, reserved 1048576K
}
Event: 7.697 GC heap before
{Heap before GC invocations=14 (full 0):
 garbage-first heap   total 157696K, used 108996K [0x0000000704c00000, 0x0000000800000000)
  region size 2048K, 46 young (94208K), 1 survivors (2048K)
 Metaspace       used 47731K, committed 48192K, reserved 1114112K
  class space    used 6069K, committed 6272K, reserved 1048576K
}
Event: 7.703 GC heap after
{Heap after GC invocations=15 (full 0):
 garbage-first heap   total 157696K, used 18954K [0x0000000704c00000, 0x0000000800000000)
  region size 2048K, 2 young (4096K), 2 survivors (4096K)
 Metaspace       used 47731K, committed 48192K, reserved 1114112K
  class space    used 6069K, committed 6272K, reserved 1048576K
}
Event: 9.169 GC heap before
{Heap before GC invocations=15 (full 0):
 garbage-first heap   total 157696K, used 109066K [0x0000000704c00000, 0x0000000800000000)
  region size 2048K, 46 young (94208K), 2 survivors (4096K)
 Metaspace       used 58129K, committed 58560K, reserved 1114112K
  class space    used 7419K, committed 7616K, reserved 1048576K
}
Event: 9.177 GC heap after
{Heap after GC invocations=16 (full 0):
 garbage-first heap   total 157696K, used 21625K [0x0000000704c00000, 0x0000000800000000)
  region size 2048K, 3 young (6144K), 3 survivors (6144K)
 Metaspace       used 58129K, committed 58560K, reserved 1114112K
  class space    used 7419K, committed 7616K, reserved 1048576K
}
Event: 9.402 GC heap before
{Heap before GC invocations=16 (full 0):
 garbage-first heap   total 157696K, used 40057K [0x0000000704c00000, 0x0000000800000000)
  region size 2048K, 13 young (26624K), 3 survivors (6144K)
 Metaspace       used 59645K, committed 60096K, reserved 1114112K
  class space    used 7633K, committed 7872K, reserved 1048576K
}
Event: 9.408 GC heap after
{Heap after GC invocations=17 (full 0):
 garbage-first heap   total 157696K, used 22250K [0x0000000704c00000, 0x0000000800000000)
  region size 2048K, 3 young (6144K), 3 survivors (6144K)
 Metaspace       used 59645K, committed 60096K, reserved 1114112K
  class space    used 7633K, committed 7872K, reserved 1048576K
}
Event: 10.007 GC heap before
{Heap before GC invocations=18 (full 0):
 garbage-first heap   total 81920K, used 65258K [0x0000000704c00000, 0x0000000800000000)
  region size 2048K, 24 young (49152K), 3 survivors (6144K)
 Metaspace       used 63136K, committed 63616K, reserved 1114112K
  class space    used 8082K, committed 8320K, reserved 1048576K
}
Event: 10.014 GC heap after
{Heap after GC invocations=19 (full 0):
 garbage-first heap   total 81920K, used 23260K [0x0000000704c00000, 0x0000000800000000)
  region size 2048K, 3 young (6144K), 3 survivors (6144K)
 Metaspace       used 63136K, committed 63616K, reserved 1114112K
  class space    used 8082K, committed 8320K, reserved 1048576K
}
Event: 10.521 GC heap before
{Heap before GC invocations=19 (full 0):
 garbage-first heap   total 81920K, used 62172K [0x0000000704c00000, 0x0000000800000000)
  region size 2048K, 23 young (47104K), 3 survivors (6144K)
 Metaspace       used 67697K, committed 68160K, reserved 1114112K
  class space    used 8758K, committed 8960K, reserved 1048576K
}
Event: 10.526 GC heap after
{Heap after GC invocations=20 (full 0):
 garbage-first heap   total 81920K, used 23737K [0x0000000704c00000, 0x0000000800000000)
  region size 2048K, 1 young (2048K), 1 survivors (2048K)
 Metaspace       used 67697K, committed 68160K, reserved 1114112K
  class space    used 8758K, committed 8960K, reserved 1048576K
}
Event: 11.334 GC heap before
{Heap before GC invocations=20 (full 0):
 garbage-first heap   total 81920K, used 66745K [0x0000000704c00000, 0x0000000800000000)
  region size 2048K, 22 young (45056K), 1 survivors (2048K)
 Metaspace       used 71243K, committed 71744K, reserved 1114112K
  class space    used 9272K, committed 9536K, reserved 1048576K
}
Event: 11.339 GC heap after
{Heap after GC invocations=21 (full 0):
 garbage-first heap   total 81920K, used 25564K [0x0000000704c00000, 0x0000000800000000)
  region size 2048K, 2 young (4096K), 2 survivors (4096K)
 Metaspace       used 71243K, committed 71744K, reserved 1114112K
  class space    used 9272K, committed 9536K, reserved 1048576K
}
Event: 11.982 GC heap before
{Heap before GC invocations=21 (full 0):
 garbage-first heap   total 81920K, used 66524K [0x0000000704c00000, 0x0000000800000000)
  region size 2048K, 22 young (45056K), 2 survivors (4096K)
 Metaspace       used 73963K, committed 74496K, reserved 1114112K
  class space    used 9610K, committed 9856K, reserved 1048576K
}
Event: 11.989 GC heap after
{Heap after GC invocations=22 (full 0):
 garbage-first heap   total 81920K, used 27941K [0x0000000704c00000, 0x0000000800000000)
  region size 2048K, 3 young (6144K), 3 survivors (6144K)
 Metaspace       used 73963K, committed 74496K, reserved 1114112K
  class space    used 9610K, committed 9856K, reserved 1048576K
}
Event: 12.695 GC heap before
{Heap before GC invocations=22 (full 0):
 garbage-first heap   total 81920K, used 64805K [0x0000000704c00000, 0x0000000800000000)
  region size 2048K, 21 young (43008K), 3 survivors (6144K)
 Metaspace       used 77265K, committed 77824K, reserved 1179648K
  class space    used 10024K, committed 10304K, reserved 1048576K
}
Event: 12.703 GC heap after
{Heap after GC invocations=23 (full 0):
 garbage-first heap   total 81920K, used 28965K [0x0000000704c00000, 0x0000000800000000)
  region size 2048K, 2 young (4096K), 2 survivors (4096K)
 Metaspace       used 77265K, committed 77824K, reserved 1179648K
  class space    used 10024K, committed 10304K, reserved 1048576K
}

Dll operation events (12 events):
Event: 0.015 Loaded shared library C:\Program Files\eclipse\eclipse\plugins\org.eclipse.justj.openjdk.hotspot.jre.full.win32.x86_64_17.0.7.v20230425-1502\jre\bin\java.dll
Event: 0.425 Loaded shared library C:\Program Files\eclipse\eclipse\plugins\org.eclipse.justj.openjdk.hotspot.jre.full.win32.x86_64_17.0.7.v20230425-1502\jre\bin\zip.dll
Event: 0.431 Loaded shared library C:\Program Files\eclipse\eclipse\plugins\org.eclipse.justj.openjdk.hotspot.jre.full.win32.x86_64_17.0.7.v20230425-1502\jre\bin\instrument.dll
Event: 0.451 Loaded shared library C:\Program Files\eclipse\eclipse\plugins\org.eclipse.justj.openjdk.hotspot.jre.full.win32.x86_64_17.0.7.v20230425-1502\jre\bin\net.dll
Event: 0.453 Loaded shared library C:\Program Files\eclipse\eclipse\plugins\org.eclipse.justj.openjdk.hotspot.jre.full.win32.x86_64_17.0.7.v20230425-1502\jre\bin\nio.dll
Event: 0.462 Loaded shared library C:\Program Files\eclipse\eclipse\plugins\org.eclipse.justj.openjdk.hotspot.jre.full.win32.x86_64_17.0.7.v20230425-1502\jre\bin\zip.dll
Event: 0.654 Loaded shared library C:\Program Files\eclipse\eclipse\plugins\org.eclipse.justj.openjdk.hotspot.jre.full.win32.x86_64_17.0.7.v20230425-1502\jre\bin\jimage.dll
Event: 0.716 Loaded shared library C:\Program Files\eclipse\eclipse\plugins\org.eclipse.justj.openjdk.hotspot.jre.full.win32.x86_64_17.0.7.v20230425-1502\jre\bin\verify.dll
Event: 3.704 Loaded shared library C:\Program Files\eclipse\eclipse\plugins\org.eclipse.justj.openjdk.hotspot.jre.full.win32.x86_64_17.0.7.v20230425-1502\jre\bin\sunmscapi.dll
Event: 5.568 Loaded shared library C:\Program Files\eclipse\eclipse\plugins\org.eclipse.justj.openjdk.hotspot.jre.full.win32.x86_64_17.0.7.v20230425-1502\jre\bin\instrument.dll
Event: 12.210 Loaded shared library C:\Program Files\eclipse\eclipse\plugins\org.eclipse.justj.openjdk.hotspot.jre.full.win32.x86_64_17.0.7.v20230425-1502\jre\bin\management.dll
Event: 12.215 Loaded shared library C:\Program Files\eclipse\eclipse\plugins\org.eclipse.justj.openjdk.hotspot.jre.full.win32.x86_64_17.0.7.v20230425-1502\jre\bin\management_ext.dll

Deoptimization events (20 events):
Event: 13.122 Thread 0x0000020c1beb14b0 DEOPT PACKING pc=0x0000020c1f91ef61 sp=0x000000366c1fc260
Event: 13.122 Thread 0x0000020c1beb14b0 DEOPT UNPACKING pc=0x0000020c26aa7143 sp=0x000000366c1fb718 mode 1
Event: 13.141 Thread 0x0000020c1beb14b0 DEOPT PACKING pc=0x0000020c1f91ef61 sp=0x000000366c1fc140
Event: 13.141 Thread 0x0000020c1beb14b0 DEOPT UNPACKING pc=0x0000020c26aa7143 sp=0x000000366c1fb5f8 mode 1
Event: 13.143 Thread 0x0000020c1beb14b0 DEOPT PACKING pc=0x0000020c1f91ef61 sp=0x000000366c1fc260
Event: 13.143 Thread 0x0000020c1beb14b0 DEOPT UNPACKING pc=0x0000020c26aa7143 sp=0x000000366c1fb718 mode 1
Event: 13.151 Thread 0x0000020c1beb14b0 DEOPT PACKING pc=0x0000020c1f91ef61 sp=0x000000366c1fc140
Event: 13.151 Thread 0x0000020c1beb14b0 DEOPT UNPACKING pc=0x0000020c26aa7143 sp=0x000000366c1fb5f8 mode 1
Event: 13.152 Thread 0x0000020c1beb14b0 DEOPT PACKING pc=0x0000020c1febac07 sp=0x000000366c1fbfc0
Event: 13.152 Thread 0x0000020c1beb14b0 DEOPT UNPACKING pc=0x0000020c26aa7143 sp=0x000000366c1fb478 mode 0
Event: 13.153 Thread 0x0000020c1beb14b0 DEOPT PACKING pc=0x0000020c1f91ef61 sp=0x000000366c1fc260
Event: 13.153 Thread 0x0000020c1beb14b0 DEOPT UNPACKING pc=0x0000020c26aa7143 sp=0x000000366c1fb718 mode 1
Event: 13.166 Thread 0x0000020c1beb14b0 Uncommon trap: trap_request=0xffffffc6 fr.pc=0x0000020c2724ca48 relative=0x0000000000000f68
Event: 13.166 Thread 0x0000020c1beb14b0 Uncommon trap: reason=bimorphic_or_optimized_type_check action=maybe_recompile pc=0x0000020c2724ca48 method=java.util.HashMap.putVal(ILjava/lang/Object;Ljava/lang/Object;ZZ)Ljava/lang/Object; @ 253 c2
Event: 13.166 Thread 0x0000020c1beb14b0 DEOPT PACKING pc=0x0000020c2724ca48 sp=0x000000366c1fbf30
Event: 13.166 Thread 0x0000020c1beb14b0 DEOPT UNPACKING pc=0x0000020c26aa69a3 sp=0x000000366c1fbe88 mode 2
Event: 13.175 Thread 0x0000020c1beb14b0 DEOPT PACKING pc=0x0000020c1f91ef61 sp=0x000000366c1fc140
Event: 13.175 Thread 0x0000020c1beb14b0 DEOPT UNPACKING pc=0x0000020c26aa7143 sp=0x000000366c1fb5f8 mode 1
Event: 13.176 Thread 0x0000020c1beb14b0 DEOPT PACKING pc=0x0000020c1f91ef61 sp=0x000000366c1fc260
Event: 13.176 Thread 0x0000020c1beb14b0 DEOPT UNPACKING pc=0x0000020c26aa7143 sp=0x000000366c1fb718 mode 1

Classes unloaded (0 events):
No events

Classes redefined (10 events):
Event: 6.788 Thread 0x0000020c3809e260 redefined class name=java.lang.Object, count=1
Event: 6.788 Thread 0x0000020c3809e260 redefined class name=com.springBootFramework.service.LibraryServices, count=2
Event: 6.901 Thread 0x0000020c3809e260 redefined class name=org.springframework.data.jpa.repository.JpaRepository, count=2
Event: 6.901 Thread 0x0000020c3809e260 redefined class name=org.springframework.data.repository.query.QueryByExampleExecutor, count=2
Event: 6.901 Thread 0x0000020c3809e260 redefined class name=org.springframework.data.repository.Repository, count=2
Event: 6.901 Thread 0x0000020c3809e260 redefined class name=org.springframework.data.repository.CrudRepository, count=2
Event: 6.901 Thread 0x0000020c3809e260 redefined class name=org.springframework.data.repository.PagingAndSortingRepository, count=2
Event: 6.901 Thread 0x0000020c3809e260 redefined class name=com.springBootFramework.repository.StorageRepository, count=2
Event: 6.901 Thread 0x0000020c3809e260 redefined class name=org.springframework.data.repository.ListCrudRepository, count=2
Event: 6.901 Thread 0x0000020c3809e260 redefined class name=org.springframework.data.repository.ListPagingAndSortingRepository, count=2

Internal exceptions (20 events):
Event: 10.570 Thread 0x0000020c1beb14b0 Exception <a 'java/lang/NoSuchMethodError'{0x000000070d0facd0}: 'java.lang.Object java.lang.invoke.Invokers$Holder.linkToTargetMethod(java.lang.Object, java.lang.Object, java.lang.Object, java.lang.Object, java.lang.Object, java.lang.Object, java.lang.Object, java.lang.Object, java.lang.Object, java.lang.Object, java.lang.Object, java.lang.Object)'> (0x000000070d0facd0) 
thrown [s\src\hotspot\share\interpreter\linkResolver.cpp, line 759]
Event: 10.634 Thread 0x0000020c1beb14b0 Exception <a 'java/lang/IncompatibleClassChangeError'{0x0000000709225370}: Found class java.lang.Object, but interface was expected> (0x0000000709225370) 
thrown [s\src\hotspot\share\interpreter\linkResolver.cpp, line 826]
Event: 10.652 Thread 0x0000020c1beb14b0 Exception <a 'java/lang/NoSuchMethodError'{0x0000000709379028}: 'java.lang.Object java.lang.invoke.DirectMethodHandle$Holder.newInvokeSpecial(java.lang.Object, java.lang.Object, java.lang.Object, java.lang.Object, java.lang.Object, java.lang.Object, java.lang.Object, int)'> (0x0000000709379028) 
thrown [s\src\hotspot\share\interpreter\linkResolver.cpp, line 759]
Event: 10.653 Thread 0x0000020c1beb14b0 Exception <a 'java/lang/NoSuchMethodError'{0x000000070937e818}: 'java.lang.Object java.lang.invoke.DirectMethodHandle$Holder.invokeSpecial(java.lang.Object, java.lang.Object, java.lang.Object, java.lang.Object, java.lang.Object, java.lang.Object, java.lang.Object, java.lang.Object, int)'> (0x000000070937e818) 
thrown [s\src\hotspot\share\interpreter\linkResolver.cpp, line 759]
Event: 10.653 Thread 0x0000020c1beb14b0 Exception <a 'java/lang/NoSuchMethodError'{0x0000000709383ad8}: 'java.lang.Object java.lang.invoke.Invokers$Holder.linkToTargetMethod(java.lang.Object, java.lang.Object, java.lang.Object, java.lang.Object, java.lang.Object, java.lang.Object, int, java.lang.Object)'> (0x0000000709383ad8) 
thrown [s\src\hotspot\share\interpreter\linkResolver.cpp, line 759]
Event: 11.109 Thread 0x0000020c1beb14b0 Exception <a 'java/lang/NoSuchMethodError'{0x0000000707aada78}: 'void java.lang.invoke.DirectMethodHandle$Holder.invokeInterface(java.lang.Object, java.lang.Object, int)'> (0x0000000707aada78) 
thrown [s\src\hotspot\share\interpreter\linkResolver.cpp, line 759]
Event: 11.115 Thread 0x0000020c1beb14b0 Exception <a 'java/lang/IncompatibleClassChangeError'{0x0000000707aff3e0}: Found class java.lang.Object, but interface was expected> (0x0000000707aff3e0) 
thrown [s\src\hotspot\share\interpreter\linkResolver.cpp, line 826]
Event: 11.117 Thread 0x0000020c1beb14b0 Exception <a 'java/lang/NoSuchMethodError'{0x0000000707b10880}: 'int java.lang.invoke.DirectMethodHandle$Holder.invokeSpecialIFC(java.lang.Object, java.lang.Object, java.lang.Object)'> (0x0000000707b10880) 
thrown [s\src\hotspot\share\interpreter\linkResolver.cpp, line 759]
Event: 11.119 Thread 0x0000020c1beb14b0 Exception <a 'java/lang/NoSuchMethodError'{0x0000000707b29bd8}: 'void java.lang.invoke.DirectMethodHandle$Holder.invokeStatic(java.lang.Object, int, java.lang.Object)'> (0x0000000707b29bd8) 
thrown [s\src\hotspot\share\interpreter\linkResolver.cpp, line 759]
Event: 11.540 Thread 0x0000020c1beb14b0 Exception <a 'sun/nio/fs/WindowsException'{0x00000007090f0090}> (0x00000007090f0090) 
thrown [s\src\hotspot\share\prims\jni.cpp, line 516]
Event: 11.541 Thread 0x0000020c1beb14b0 Exception <a 'sun/nio/fs/WindowsException'{0x00000007090f3608}> (0x00000007090f3608) 
thrown [s\src\hotspot\share\prims\jni.cpp, line 516]
Event: 11.604 Thread 0x0000020c1beb14b0 Exception <a 'java/lang/IncompatibleClassChangeError'{0x0000000708c90de0}: Found class java.lang.Object, but interface was expected> (0x0000000708c90de0) 
thrown [s\src\hotspot\share\interpreter\linkResolver.cpp, line 826]
Event: 11.700 Thread 0x0000020c1beb14b0 Exception <a 'java/lang/IncompatibleClassChangeError'{0x000000070876d418}: Found class java.lang.Object, but interface was expected> (0x000000070876d418) 
thrown [s\src\hotspot\share\interpreter\linkResolver.cpp, line 826]
Event: 11.774 Thread 0x0000020c1beb14b0 Exception <a 'java/lang/NoSuchMethodError'{0x00000007082caef0}: 'void java.lang.invoke.DirectMethodHandle$Holder.invokeVirtual(java.lang.Object, java.lang.Object, int)'> (0x00000007082caef0) 
thrown [s\src\hotspot\share\interpreter\linkResolver.cpp, line 759]
Event: 11.782 Thread 0x0000020c1beb14b0 Exception <a 'java/lang/NoSuchMethodError'{0x00000007082f6f58}: 'void java.lang.invoke.DirectMethodHandle$Holder.invokeVirtual(java.lang.Object, java.lang.Object, long)'> (0x00000007082f6f58) 
thrown [s\src\hotspot\share\interpreter\linkResolver.cpp, line 759]
Event: 11.944 Thread 0x0000020c1beb14b0 Exception <a 'java/lang/IncompatibleClassChangeError'{0x000000070793a348}: Found class java.lang.Object, but interface was expected> (0x000000070793a348) 
thrown [s\src\hotspot\share\interpreter\linkResolver.cpp, line 826]
Event: 12.013 Thread 0x0000020c1beb14b0 Implicit null exception at 0x0000020c2723d5da to 0x0000020c2723d86c
Event: 12.185 Thread 0x0000020c1beb14b0 Exception <a 'java/lang/NoSuchMethodError'{0x00000007092d2860}: 'java.lang.Object java.lang.invoke.DirectMethodHandle$Holder.newInvokeSpecial(java.lang.Object, java.lang.Object, int, java.lang.Object, java.lang.Object)'> (0x00000007092d2860) 
thrown [s\src\hotspot\share\interpreter\linkResolver.cpp, line 759]
Event: 12.847 Thread 0x0000020c1beb14b0 Exception <a 'java/lang/IncompatibleClassChangeError'{0x000000070cf764c0}: Found class java.lang.Object, but interface was expected> (0x000000070cf764c0) 
thrown [s\src\hotspot\share\interpreter\linkResolver.cpp, line 826]
Event: 12.926 Thread 0x0000020c1beb14b0 Exception <a 'java/lang/reflect/InvocationTargetException'{0x000000070921f180}> (0x000000070921f180) 
thrown [s\src\hotspot\share\runtime\reflection.cpp, line 1121]

VM Operations (20 events):
Event: 24.466 Executing VM operation: get/set locals done
Event: 24.467 Executing VM operation: get/set locals
Event: 24.467 Executing VM operation: get/set locals done
Event: 24.473 Executing VM operation: get/set locals
Event: 24.474 Executing VM operation: get/set locals done
Event: 24.474 Executing VM operation: get/set locals
Event: 24.474 Executing VM operation: get/set locals done
Event: 24.488 Executing VM operation: get/set locals
Event: 24.488 Executing VM operation: get/set locals done
Event: 24.489 Executing VM operation: get/set locals
Event: 24.489 Executing VM operation: get/set locals done
Event: 35.538 Executing VM operation: get/set locals
Event: 35.538 Executing VM operation: get/set locals done
Event: 35.568 Executing VM operation: get/set locals
Event: 35.568 Executing VM operation: get/set locals done
Event: 51.803 Executing VM operation: ChangeBreakpoints
Event: 51.805 Executing VM operation: ChangeBreakpoints done
Event: 54.346 Executing VM operation: ChangeBreakpoints
Event: 54.347 Executing VM operation: ChangeBreakpoints done
Event: 70.499 Executing VM operation: get/set locals

Events (20 events):
Event: 13.110 loading class com/jayway/jsonpath/internal/function/json/KeySetFunction done
Event: 13.111 loading class com/jayway/jsonpath/internal/function/sequence/First
Event: 13.111 loading class com/jayway/jsonpath/internal/function/sequence/First done
Event: 13.111 loading class com/jayway/jsonpath/internal/function/sequence/AbstractSequenceAggregation
Event: 13.111 loading class com/jayway/jsonpath/internal/function/sequence/AbstractSequenceAggregation done
Event: 13.112 loading class com/jayway/jsonpath/internal/function/sequence/Last
Event: 13.112 loading class com/jayway/jsonpath/internal/function/sequence/Last done
Event: 13.112 loading class com/jayway/jsonpath/internal/function/sequence/Index
Event: 13.112 loading class com/jayway/jsonpath/internal/function/sequence/Index done
Event: 13.113 loading class com/jayway/jsonpath/internal/path/ArrayIndexOperation
Event: 13.113 loading class com/jayway/jsonpath/internal/path/ArrayIndexOperation done
Event: 13.169 loading class org/mockito/internal/matchers/Equality
Event: 13.169 loading class org/mockito/internal/matchers/Equality done
Event: 13.171 loading class org/springframework/web/servlet/mvc/method/annotation/HttpEntityMethodProcessor
Event: 13.171 loading class org/springframework/web/servlet/mvc/method/annotation/HttpEntityMethodProcessor done
Event: 13.171 loading class org/springframework/http/HttpHeaders
Event: 13.171 loading class org/springframework/http/HttpHeaders done
Event: 14.747 Thread 0x0000020c43806d50 Thread exited: 0x0000020c43806d50
Event: 19.039 Thread 0x0000020c418a64b0 Thread exited: 0x0000020c418a64b0
Event: 19.042 Thread 0x0000020c438a4a20 Thread exited: 0x0000020c438a4a20


Dynamic libraries:
0x00007ff7d26a0000 - 0x00007ff7d26ae000 	C:\Program Files\eclipse\eclipse\plugins\org.eclipse.justj.openjdk.hotspot.jre.full.win32.x86_64_17.0.7.v20230425-1502\jre\bin\javaw.exe
0x00007ffd4f660000 - 0x00007ffd4f8c3000 	C:\WINDOWS\SYSTEM32\ntdll.dll
0x00007ffd4e9c0000 - 0x00007ffd4ea87000 	C:\WINDOWS\System32\KERNEL32.DLL
0x00007ffd4ca60000 - 0x00007ffd4ce10000 	C:\WINDOWS\System32\KERNELBASE.dll
0x0000000064d90000 - 0x00000000650c2000 	C:\Program Files\Norton Security\NortonData\22.22.11.12\Definitions\IPSDefs\20240315.064\IPSEng64.dll
0x00007ffd4dcb0000 - 0x00007ffd4dd64000 	C:\WINDOWS\System32\ADVAPI32.dll
0x00007ffd4eb10000 - 0x00007ffd4ebb9000 	C:\WINDOWS\System32\msvcrt.dll
0x00007ffd4e060000 - 0x00007ffd4e106000 	C:\WINDOWS\System32\sechost.dll
0x00007ffd4ec30000 - 0x00007ffd4ed46000 	C:\WINDOWS\System32\RPCRT4.dll
0x00007ffd4d4f0000 - 0x00007ffd4d4f8000 	C:\WINDOWS\System32\PSAPI.DLL
0x00007ffd4ce20000 - 0x00007ffd4cf6b000 	C:\WINDOWS\System32\ucrtbase.dll
0x00007ffd48500000 - 0x00007ffd48517000 	C:\Program Files\eclipse\eclipse\plugins\org.eclipse.justj.openjdk.hotspot.jre.full.win32.x86_64_17.0.7.v20230425-1502\jre\bin\jli.dll
0x00007ffd3b440000 - 0x00007ffd3b459000 	C:\Program Files\eclipse\eclipse\plugins\org.eclipse.justj.openjdk.hotspot.jre.full.win32.x86_64_17.0.7.v20230425-1502\jre\bin\VCRUNTIME140.dll
0x00007ffd4e2d0000 - 0x00007ffd4e493000 	C:\WINDOWS\System32\USER32.dll
0x00007ffd4d290000 - 0x00007ffd4d2b7000 	C:\WINDOWS\System32\win32u.dll
0x00007ffd4f5f0000 - 0x00007ffd4f61a000 	C:\WINDOWS\System32\GDI32.dll
0x00007ffd3c590000 - 0x00007ffd3c820000 	C:\WINDOWS\WinSxS\amd64_microsoft.windows.common-controls_6595b64144ccf1df_6.0.26100.1882_none_3e0e949ae32eca40\COMCTL32.dll
0x00007ffd4d0b0000 - 0x00007ffd4d1d3000 	C:\WINDOWS\System32\gdi32full.dll
0x00007ffd4d1e0000 - 0x00007ffd4d283000 	C:\WINDOWS\System32\msvcp_win.dll
0x00007ffd4f5a0000 - 0x00007ffd4f5cf000 	C:\WINDOWS\System32\IMM32.DLL
0x00007ffd48f20000 - 0x00007ffd48f2c000 	C:\Program Files\eclipse\eclipse\plugins\org.eclipse.justj.openjdk.hotspot.jre.full.win32.x86_64_17.0.7.v20230425-1502\jre\bin\vcruntime140_1.dll
0x00007ffd33410000 - 0x00007ffd334a1000 	C:\Program Files\eclipse\eclipse\plugins\org.eclipse.justj.openjdk.hotspot.jre.full.win32.x86_64_17.0.7.v20230425-1502\jre\bin\msvcp140.dll
0x00007ffce6a50000 - 0x00007ffce7698000 	C:\Program Files\eclipse\eclipse\plugins\org.eclipse.justj.openjdk.hotspot.jre.full.win32.x86_64_17.0.7.v20230425-1502\jre\bin\server\jvm.dll
0x00007ffd37470000 - 0x00007ffd3747a000 	C:\WINDOWS\SYSTEM32\WSOCK32.dll
0x00007ffd4ea90000 - 0x00007ffd4eb04000 	C:\WINDOWS\System32\WS2_32.dll
0x00007ffd427f0000 - 0x00007ffd42826000 	C:\WINDOWS\SYSTEM32\WINMM.dll
0x00007ffd360a0000 - 0x00007ffd360ab000 	C:\WINDOWS\SYSTEM32\VERSION.dll
0x00007ffd4b9b0000 - 0x00007ffd4b9ca000 	C:\WINDOWS\SYSTEM32\kernel.appcore.dll
0x00007ffd37460000 - 0x00007ffd3746a000 	C:\Program Files\eclipse\eclipse\plugins\org.eclipse.justj.openjdk.hotspot.jre.full.win32.x86_64_17.0.7.v20230425-1502\jre\bin\jimage.dll
0x00007ffd49ef0000 - 0x00007ffd4a131000 	C:\WINDOWS\SYSTEM32\DBGHELP.DLL
0x00007ffd4f080000 - 0x00007ffd4f3fc000 	C:\WINDOWS\System32\combase.dll
0x00007ffd4df80000 - 0x00007ffd4e056000 	C:\WINDOWS\System32\OLEAUT32.dll
0x00007ffd2b570000 - 0x00007ffd2b5a9000 	C:\WINDOWS\SYSTEM32\dbgcore.DLL
0x00007ffd4d2c0000 - 0x00007ffd4d359000 	C:\WINDOWS\System32\bcryptPrimitives.dll
0x00007ffd367b0000 - 0x00007ffd367eb000 	C:\Program Files\eclipse\eclipse\plugins\org.eclipse.justj.openjdk.hotspot.jre.full.win32.x86_64_17.0.7.v20230425-1502\jre\bin\jdwp.dll
0x00007ffd398a0000 - 0x00007ffd398ae000 	C:\Program Files\eclipse\eclipse\plugins\org.eclipse.justj.openjdk.hotspot.jre.full.win32.x86_64_17.0.7.v20230425-1502\jre\bin\instrument.dll
0x00007ffd36840000 - 0x00007ffd36865000 	C:\Program Files\eclipse\eclipse\plugins\org.eclipse.justj.openjdk.hotspot.jre.full.win32.x86_64_17.0.7.v20230425-1502\jre\bin\java.dll
0x00007ffd358d0000 - 0x00007ffd358e8000 	C:\Program Files\eclipse\eclipse\plugins\org.eclipse.justj.openjdk.hotspot.jre.full.win32.x86_64_17.0.7.v20230425-1502\jre\bin\zip.dll
0x00007ffd4d500000 - 0x00007ffd4dbf8000 	C:\WINDOWS\System32\SHELL32.dll
0x00007ffd4a7d0000 - 0x00007ffd4affa000 	C:\WINDOWS\SYSTEM32\windows.storage.dll
0x00007ffd4e110000 - 0x00007ffd4e1e3000 	C:\WINDOWS\System32\SHCORE.dll
0x00007ffd4ebc0000 - 0x00007ffd4ec1d000 	C:\WINDOWS\System32\shlwapi.dll
0x00007ffd4c980000 - 0x00007ffd4c9a9000 	C:\WINDOWS\SYSTEM32\profapi.dll
0x00007ffd395f0000 - 0x00007ffd395fc000 	C:\Program Files\eclipse\eclipse\plugins\org.eclipse.justj.openjdk.hotspot.jre.full.win32.x86_64_17.0.7.v20230425-1502\jre\bin\dt_socket.dll
0x00007ffd4b2f0000 - 0x00007ffd4b321000 	C:\WINDOWS\SYSTEM32\IPHLPAPI.DLL
0x00007ffd4bed0000 - 0x00007ffd4bf38000 	C:\WINDOWS\system32\mswsock.dll
0x00007ffd4b390000 - 0x00007ffd4b4af000 	C:\WINDOWS\SYSTEM32\DNSAPI.dll
0x00007ffd4d4e0000 - 0x00007ffd4d4ea000 	C:\WINDOWS\System32\NSI.dll
0x00007ffd3afa0000 - 0x00007ffd3afab000 	C:\Windows\System32\rasadhlp.dll
0x00007ffd3b220000 - 0x00007ffd3b2a6000 	C:\WINDOWS\System32\fwpuclnt.dll
0x00007ffd358b0000 - 0x00007ffd358c9000 	C:\Program Files\eclipse\eclipse\plugins\org.eclipse.justj.openjdk.hotspot.jre.full.win32.x86_64_17.0.7.v20230425-1502\jre\bin\net.dll
0x00007ffd3afb0000 - 0x00007ffd3b0d6000 	C:\WINDOWS\SYSTEM32\WINHTTP.dll
0x00007ffd35890000 - 0x00007ffd358a5000 	C:\Program Files\eclipse\eclipse\plugins\org.eclipse.justj.openjdk.hotspot.jre.full.win32.x86_64_17.0.7.v20230425-1502\jre\bin\nio.dll
0x00007ffd37330000 - 0x00007ffd37340000 	C:\Program Files\eclipse\eclipse\plugins\org.eclipse.justj.openjdk.hotspot.jre.full.win32.x86_64_17.0.7.v20230425-1502\jre\bin\verify.dll
0x00007ffd3b160000 - 0x00007ffd3b17e000 	C:\WINDOWS\SYSTEM32\dhcpcsvc6.DLL
0x00007ffd3b130000 - 0x00007ffd3b155000 	C:\WINDOWS\SYSTEM32\dhcpcsvc.DLL
0x00007ffd28b40000 - 0x00007ffd28b4e000 	C:\Program Files\eclipse\eclipse\plugins\org.eclipse.justj.openjdk.hotspot.jre.full.win32.x86_64_17.0.7.v20230425-1502\jre\bin\sunmscapi.dll
0x00007ffd4d360000 - 0x00007ffd4d4d6000 	C:\WINDOWS\System32\CRYPT32.dll
0x00007ffd4c300000 - 0x00007ffd4c330000 	C:\WINDOWS\SYSTEM32\ncrypt.dll
0x00007ffd4c2b0000 - 0x00007ffd4c2ef000 	C:\WINDOWS\SYSTEM32\NTASN1.dll
0x00007ffd4c170000 - 0x00007ffd4c18c000 	C:\WINDOWS\SYSTEM32\CRYPTSP.dll
0x00007ffd4b910000 - 0x00007ffd4b948000 	C:\WINDOWS\system32\rsaenh.dll
0x00007ffd4bf70000 - 0x00007ffd4bf9b000 	C:\WINDOWS\SYSTEM32\USERENV.dll
0x00007ffd4c340000 - 0x00007ffd4c366000 	C:\WINDOWS\SYSTEM32\bcrypt.dll
0x00007ffd4c190000 - 0x00007ffd4c19c000 	C:\WINDOWS\SYSTEM32\CRYPTBASE.dll
0x00007ffd38390000 - 0x00007ffd38399000 	C:\Program Files\eclipse\eclipse\plugins\org.eclipse.justj.openjdk.hotspot.jre.full.win32.x86_64_17.0.7.v20230425-1502\jre\bin\management.dll
0x00007ffd38380000 - 0x00007ffd3838b000 	C:\Program Files\eclipse\eclipse\plugins\org.eclipse.justj.openjdk.hotspot.jre.full.win32.x86_64_17.0.7.v20230425-1502\jre\bin\management_ext.dll

dbghelp: loaded successfully - version: 4.0.5 - missing functions: none
symbol engine: initialized successfully - sym options: 0x614 - pdb path: .;C:\Program Files\eclipse\eclipse\plugins\org.eclipse.justj.openjdk.hotspot.jre.full.win32.x86_64_17.0.7.v20230425-1502\jre\bin;C:\WINDOWS\SYSTEM32;C:\Program Files\Norton Security\NortonData\22.22.11.12\Definitions\IPSDefs\20240315.064;C:\WINDOWS\WinSxS\amd64_microsoft.windows.common-controls_6595b64144ccf1df_6.0.26100.1882_none_3e0e949ae32eca40;C:\Program Files\eclipse\eclipse\plugins\org.eclipse.justj.openjdk.hotspot.jre.full.win32.x86_64_17.0.7.v20230425-1502\jre\bin\server

VM Arguments:
jvm_args: -XX:+ShowCodeDetailsInExceptionMessages -agentlib:jdwp=transport=dt_socket,suspend=y,address=localhost:60292 -ea -javaagent:C:\Users\karth\.eclipse\org.eclipse.platform_4.28.0_129370284_win32_win32_x86_64\configuration\org.eclipse.osgi\430\0\.cp\lib\javaagent-shaded.jar -Dfile.encoding=UTF-8 
java_command: org.eclipse.jdt.internal.junit.runner.RemoteTestRunner -version 3 -port 60291 -testLoaderClass org.eclipse.jdt.internal.junit5.runner.JUnit5TestLoader -loaderpluginname org.eclipse.jdt.junit5.runtime -classNames com.springBootFramework.ApplicationTests
java_class_path (initial): C:\Users\karth\Downloads\spring\spring\target\test-classes;C:\Users\karth\Downloads\spring\spring\target\classes;C:\Users\karth\.m2\repository\org\springframework\boot\spring-boot-starter-data-jpa\3.3.5\spring-boot-starter-data-jpa-3.3.5.jar;C:\Users\karth\.m2\repository\org\springframework\boot\spring-boot-starter-aop\3.3.5\spring-boot-starter-aop-3.3.5.jar;C:\Users\karth\.m2\repository\org\springframework\spring-aop\6.1.14\spring-aop-6.1.14.jar;C:\Users\karth\.m2\repository\org\aspectj\aspectjweaver\1.9.22.1\aspectjweaver-1.9.22.1.jar;C:\Users\karth\.m2\repository\org\springframework\boot\spring-boot-starter-jdbc\3.3.5\spring-boot-starter-jdbc-3.3.5.jar;C:\Users\karth\.m2\repository\com\zaxxer\HikariCP\5.1.0\HikariCP-5.1.0.jar;C:\Users\karth\.m2\repository\org\springframework\spring-jdbc\6.1.14\spring-jdbc-6.1.14.jar;C:\Users\karth\.m2\repository\org\hibernate\orm\hibernate-core\6.5.3.Final\hibernate-core-6.5.3.Final.jar;C:\Users\karth\.m2\repository\jakarta\persistence\jakarta.persistence-api\3.1.0\jakarta.persistence-api-3.1.0.jar;C:\Users\karth\.m2\repository\jakarta\transaction\jakarta.transaction-api\2.0.1\jakarta.transaction-api-2.0.1.jar;C:\Users\karth\.m2\repository\org\jboss\logging\jboss-logging\3.5.3.Final\jboss-logging-3.5.3.Final.jar;C:\Users\karth\.m2\repository\org\hibernate\common\hibernate-commons-annotations\6.0.6.Final\hibernate-commons-annotations-6.0.6.Final.jar;C:\Users\karth\.m2\repository\io\smallrye\jandex\3.1.2\jandex-3.1.2.jar;C:\Users\karth\.m2\repository\com\fasterxml\classmate\1.7.0\classmate-1.7.0.jar;C:\Users\karth\.m2\repository\net\bytebuddy\byte-buddy\1.14.19\byte-buddy-1.14.19.jar;C:\Users\karth\.m2\repository\org\glassfish\jaxb\jaxb-runtime\4.0.5\jaxb-runtime-4.0.5.jar;C:\Users\karth\.m2\repository\org\glassfish\jaxb\jaxb-core\4.0.5\jaxb-core-4.0.5.jar;C:\Users\karth\.m2\repository\org\eclipse\angus\angus-activation\2.0.2\angus-activation-2.0.2.jar;C:\Users\karth\.m2\repository\org\glassfish\jaxb\tx
Launcher Type: SUN_STANDARD

[Global flags]
     intx CICompilerCount                          = 4                                         {product} {ergonomic}
     uint ConcGCThreads                            = 3                                         {product} {ergonomic}
     uint G1ConcRefinementThreads                  = 10                                        {product} {ergonomic}
   size_t G1HeapRegionSize                         = 2097152                                   {product} {ergonomic}
    uintx GCDrainStackTargetSize                   = 64                                        {product} {ergonomic}
   size_t InitialHeapSize                          = 264241152                                 {product} {ergonomic}
   size_t MarkStackSize                            = 4194304                                   {product} {ergonomic}
   size_t MaxHeapSize                              = 4215275520                                {product} {ergonomic}
   size_t MaxNewSize                               = 2529165312                                {product} {ergonomic}
   size_t MinHeapDeltaBytes                        = 2097152                                   {product} {ergonomic}
   size_t MinHeapSize                              = 8388608                                   {product} {ergonomic}
    uintx NonNMethodCodeHeapSize                   = 5839372                                {pd product} {ergonomic}
    uintx NonProfiledCodeHeapSize                  = 122909434                              {pd product} {ergonomic}
    uintx ProfiledCodeHeapSize                     = 122909434                              {pd product} {ergonomic}
    uintx ReservedCodeCacheSize                    = 251658240                              {pd product} {ergonomic}
     bool SegmentedCodeCache                       = true                                      {product} {ergonomic}
     bool ShowCodeDetailsInExceptionMessages       = true                                   {manageable} {command line}
   size_t SoftMaxHeapSize                          = 4215275520                             {manageable} {ergonomic}
     bool UseCompressedClassPointers               = true                           {product lp64_product} {ergonomic}
     bool UseCompressedOops                        = true                           {product lp64_product} {ergonomic}
     bool UseG1GC                                  = true                                      {product} {ergonomic}
     bool UseLargePagesIndividualAllocation        = false                                  {pd product} {ergonomic}

Logging:
Log output configuration:
 #0: stdout all=warning uptime,level,tags
 #1: stderr all=off uptime,level,tags

Environment Variables:
JAVA_HOME=C:\Program Files\Java\jdk-21
PATH=C:\Program Files\eclipse\eclipse\plugins\org.eclipse.justj.openjdk.hotspot.jre.full.win32.x86_64_17.0.7.v20230425-1502\jre\bin;C:/Program Files/eclipse/eclipse//plugins/org.eclipse.justj.openjdk.hotspot.jre.full.win32.x86_64_17.0.7.v20230425-1502/jre/bin/server;C:/Program Files/eclipse/eclipse//plugins/org.eclipse.justj.openjdk.hotspot.jre.full.win32.x86_64_17.0.7.v20230425-1502/jre/bin;C:\Users\karth\AppData\Roaming\Python\Python312\Scripts;C:\Users\karth\AppData\Roaming\Python\Python312;C:\Program Files\Common Files\Oracle\Java\javapath;C:\windows\system32;C:\windows;C:\windows\System32\Wbem;C:\windows\System32\WindowsPowerShell\v1.0\;C:\windows\System32\OpenSSH\;C:\Program Files (x86)\Microsoft SQL Server\160\Tools\Binn\;C:\Program Files\Microsoft SQL Server\160\Tools\Binn\;C:\Program Files\Microsoft SQL Server\Client SDK\ODBC\170\Tools\Binn\;C:\Program Files\Microsoft SQL Server\160\DTS\Binn\;C:\Android;C:\Windows\System32;C:\Program Files\Java\jdk-21\bin;C:\Program Files\apache-maven-3.9.4\bin;C:\Program Files\nodejs\;C:\ProgramData\chocolatey\bin;C:\Program Files\Microsoft VS Code\bin;C:\Program Files\HP\HP One Agent;C:\Program Files\Git\cmd;C:\strawberry\c\bin;C:\strawberry\perl\bin;;%SystemRoot%\system32;%SystemRoot%;%SystemRoot%\System32\Wbem;%SYSTEMROOT%\System32\WindowsPowerShell\v1.0\;%SYSTEMROOT%\System32\OpenSSH\;C:\Program Files\MySQL\MySQL Shell 8.0\bin\;C:\Users\karth\anaconda3;C:\Users\karth\anaconda3\Library\mingw-w64\bin;C:\Users\karth\anaconda3\Library\usr\bin;C:\Users\karth\anaconda3\Library\bin;C:\Users\karth\anaconda3\Scripts;C:\Users\karth\AppData\Local\Microsoft\WindowsApps;C:\Program Files\Azure Data Studio\bin;C:\Program Files\Java\jdk-21\bin;C:\Program Files\apache-maven-3.9.4\bin;C:\Users\karth\AppData\Roaming\npm;C:\Users\karth\AppData\Roaming\Python\Python312;C:\Users\karth\AppData\Roaming\Python\Python312\Scripts;C:\Program Files\JetBrains\PyCharm Community Edition 2024.2.3\bin;;C:\Program Files\nodejs;;C:\Program Files\eclipse\ecl
USERNAME=Aishwarya K
TERM=dumb
OS=Windows_NT
PROCESSOR_IDENTIFIER=Intel64 Family 6 Model 154 Stepping 4, GenuineIntel
TMP=C:\Users\karth\AppData\Local\Temp
TEMP=C:\Users\karth\AppData\Local\Temp



---------------  S Y S T E M  ---------------

OS:
 Windows 11 , 64 bit Build 26100 (10.0.26100.1882)
OS uptime: 8 days 9:09 hours
Hyper-V role detected

CPU: total 12 (initial active 12) (6 cores per cpu, 2 threads per core) family 6 model 154 stepping 4 microcode 0x432, cx8, cmov, fxsr, ht, mmx, 3dnowpref, sse, sse2, sse3, ssse3, sse4.1, sse4.2, popcnt, lzcnt, tsc, tscinvbit, avx, avx2, aes, erms, clmul, bmi1, bmi2, adx, sha, fma, vzeroupper, clflush, clflushopt, clwb, hv

Memory: 4k page, system-wide physical 16077M (3279M free)
TotalPageFile size 24269M (AvailPageFile size 5459M)
current process WorkingSet (physical memory assigned to process): 260M, peak: 410M
current process commit charge ("private bytes"): 292M, peak: 442M

vm_info: OpenJDK 64-Bit Server VM (17.0.7+7) for windows-amd64 JRE (17.0.7+7), built on Apr 18 2023 22:10:42 by "temurin" with MS VC++ 16.7 (VS2019)

END.
