2024-11-12T17:42:16.135Z  INFO 13004 --- [spring] [main] com.springBootFramework.Application      : Starting Application using Java 17.0.7 with PID 13004 (C:\Users\karth\Downloads\spring\spring\target\classes started by Aishwarya K in C:\Users\karth\Downloads\spring\spring)
2024-11-12T17:42:16.142Z  INFO 13004 --- [spring] [main] com.springBootFramework.Application      : No active profile set, falling back to 1 default profile: "default"
2024-11-12T17:42:17.384Z  INFO 13004 --- [spring] [main] .s.d.r.c.RepositoryConfigurationDelegate : Bootstrapping Spring Data JPA repositories in DEFAULT mode.
2024-11-12T17:42:17.510Z  INFO 13004 --- [spring] [main] .s.d.r.c.RepositoryConfigurationDelegate : Finished Spring Data repository scanning in 93 ms. Found 1 JPA repository interface.
2024-11-12T17:42:18.645Z  INFO 13004 --- [spring] [main] o.s.b.w.embedded.tomcat.TomcatWebServer  : Tomcat initialized with port 8080 (http)
2024-11-12T17:42:18.709Z  INFO 13004 --- [spring] [main] o.apache.catalina.core.StandardService   : Starting service [Tomcat]
2024-11-12T17:42:18.710Z  INFO 13004 --- [spring] [main] o.apache.catalina.core.StandardEngine    : Starting Servlet engine: [Apache Tomcat/10.1.31]
2024-11-12T17:42:18.831Z  INFO 13004 --- [spring] [main] o.a.c.c.C.[Tomcat].[localhost].[/]       : Initializing Spring embedded WebApplicationContext
2024-11-12T17:42:18.832Z  INFO 13004 --- [spring] [main] w.s.c.ServletWebServerApplicationContext : Root WebApplicationContext: initialization completed in 2578 ms
2024-11-12T17:42:19.203Z  INFO 13004 --- [spring] [main] o.hibernate.jpa.internal.util.LogHelper  : HHH000204: Processing PersistenceUnitInfo [name: default]
2024-11-12T17:42:19.338Z  INFO 13004 --- [spring] [main] org.hibernate.Version                    : HHH000412: Hibernate ORM core version 6.5.3.Final
2024-11-12T17:42:19.420Z  INFO 13004 --- [spring] [main] o.h.c.internal.RegionFactoryInitiator    : HHH000026: Second-level cache disabled
2024-11-12T17:42:19.834Z  INFO 13004 --- [spring] [main] o.s.o.j.p.SpringPersistenceUnitInfo      : No LoadTimeWeaver setup: ignoring JPA class transformer
2024-11-12T17:42:19.882Z  INFO 13004 --- [spring] [main] com.zaxxer.hikari.HikariDataSource       : HikariPool-1 - Starting...
2024-11-12T17:42:20.439Z  INFO 13004 --- [spring] [main] com.zaxxer.hikari.pool.HikariPool        : HikariPool-1 - Added connection com.mysql.cj.jdbc.ConnectionImpl@70a24f9
2024-11-12T17:42:20.442Z  INFO 13004 --- [spring] [main] com.zaxxer.hikari.HikariDataSource       : HikariPool-1 - Start completed.
2024-11-12T17:42:20.548Z  WARN 13004 --- [spring] [main] org.hibernate.orm.deprecation            : HHH90000025: MySQLDialect does not need to be specified explicitly using 'hibernate.dialect' (remove the property setting and it will be selected by default)
2024-11-12T17:42:21.852Z  INFO 13004 --- [spring] [main] o.h.e.t.j.p.i.JtaPlatformInitiator       : HHH000489: No JTA platform available (set 'hibernate.transaction.jta.platform' to enable JTA platform integration)
2024-11-12T17:42:21.941Z  INFO 13004 --- [spring] [main] j.LocalContainerEntityManagerFactoryBean : Initialized JPA EntityManagerFactory for persistence unit 'default'
2024-11-12T17:42:22.584Z  WARN 13004 --- [spring] [main] JpaBaseConfiguration$JpaWebConfiguration : spring.jpa.open-in-view is enabled by default. Therefore, database queries may be performed during view rendering. Explicitly configure spring.jpa.open-in-view to disable this warning
2024-11-12T17:42:23.239Z  INFO 13004 --- [spring] [main] o.s.b.w.embedded.tomcat.TomcatWebServer  : Tomcat started on port 8080 (http) with context path '/'
2024-11-12T17:42:23.258Z  INFO 13004 --- [spring] [main] com.springBootFramework.Application      : Started Application in 7.942 seconds (process running for 8.708)
2024-11-12T17:42:33.022Z  INFO 13004 --- [spring] [http-nio-8080-exec-2] o.a.c.c.C.[Tomcat].[localhost].[/]       : Initializing Spring DispatcherServlet 'dispatcherServlet'
2024-11-12T17:42:33.023Z  INFO 13004 --- [spring] [http-nio-8080-exec-2] o.s.web.servlet.DispatcherServlet        : Initializing Servlet 'dispatcherServlet'
2024-11-12T17:42:33.031Z  INFO 13004 --- [spring] [http-nio-8080-exec-2] o.s.web.servlet.DispatcherServlet        : Completed initialization in 3 ms
2024-11-12T17:42:33.566Z  INFO 13004 --- [spring] [http-nio-8080-exec-2] c.s.controllers.LibraryController        : Book already exists and creation is skipped
2024-11-12T17:43:17.186Z  INFO 13004 --- [spring] [http-nio-8080-exec-3] c.s.controllers.LibraryController        : Book does not exist and Book is created
2024-11-12T17:43:32.104Z  INFO 13004 --- [spring] [http-nio-8080-exec-4] c.s.controllers.LibraryController        : Book does not exist and Book is created
2024-11-12T17:44:05.726Z  INFO 13004 --- [spring] [http-nio-8080-exec-5] c.s.controllers.LibraryController        : Book deleted successfully
2024-11-12T17:44:31.358Z  INFO 13004 --- [spring] [http-nio-8080-exec-6] c.s.controllers.LibraryController        : Book does not exist
2024-11-12T17:44:51.094Z  INFO 13004 --- [spring] [http-nio-8080-exec-7] c.s.controllers.LibraryController        : Book already exists and creation is skipped
2024-11-12T17:45:14.785Z  INFO 13004 --- [spring] [http-nio-8080-exec-8] c.s.controllers.LibraryController        : Book does not exist
2024-11-12T17:45:21.688Z  INFO 13004 --- [spring] [http-nio-8080-exec-10] c.s.controllers.LibraryController        : Book exists
2024-11-12T17:45:30.901Z  INFO 13004 --- [spring] [http-nio-8080-exec-1] c.s.controllers.LibraryController        : Book exists
2024-11-12T17:45:35.770Z  INFO 13004 --- [spring] [http-nio-8080-exec-2] c.s.controllers.LibraryController        : Book exists
2024-11-12T17:46:03.157Z  INFO 13004 --- [spring] [http-nio-8080-exec-3] c.s.controllers.LibraryController        : Book exists
2024-11-12T17:46:10.166Z  INFO 13004 --- [spring] [http-nio-8080-exec-4] c.s.controllers.LibraryController        : Book exists
2024-11-12T17:46:18.381Z  INFO 13004 --- [spring] [http-nio-8080-exec-5] c.s.controllers.LibraryController        : Book exists
2024-11-12T17:46:24.607Z  WARN 13004 --- [spring] [http-nio-8080-exec-6] .w.s.m.s.DefaultHandlerExceptionResolver : Resolved [org.springframework.web.method.annotation.MethodArgumentTypeMismatchException: Method parameter 'aisle': Failed to convert value of type 'java.lang.String' to required type 'java.lang.Integer'; For input string: "kjs"]
2024-11-12T17:46:45.399Z  INFO 13004 --- [spring] [http-nio-8080-exec-8] c.s.controllers.LibraryController        : Book exists
2024-11-12T17:46:54.061Z  INFO 13004 --- [spring] [http-nio-8080-exec-9] o.apache.coyote.http11.Http11Processor   : Error parsing HTTP request header
 Note: further occurrences of HTTP request parsing errors will be logged at DEBUG level.

java.lang.IllegalArgumentException: Invalid character found in the request target [/getbook?book=1%^;%27 ]. The valid characters are defined in RFC 7230 and RFC 3986
	at org.apache.coyote.http11.Http11InputBuffer.parseRequestLine(Http11InputBuffer.java:481) ~[tomcat-embed-core-10.1.31.jar:10.1.31]
	at org.apache.coyote.http11.Http11Processor.service(Http11Processor.java:257) ~[tomcat-embed-core-10.1.31.jar:10.1.31]
	at org.apache.coyote.AbstractProcessorLight.process(AbstractProcessorLight.java:63) ~[tomcat-embed-core-10.1.31.jar:10.1.31]
	at org.apache.coyote.AbstractProtocol$ConnectionHandler.process(AbstractProtocol.java:905) ~[tomcat-embed-core-10.1.31.jar:10.1.31]
	at org.apache.tomcat.util.net.NioEndpoint$SocketProcessor.doRun(NioEndpoint.java:1741) ~[tomcat-embed-core-10.1.31.jar:10.1.31]
	at org.apache.tomcat.util.net.SocketProcessorBase.run(SocketProcessorBase.java:52) ~[tomcat-embed-core-10.1.31.jar:10.1.31]
	at org.apache.tomcat.util.threads.ThreadPoolExecutor.runWorker(ThreadPoolExecutor.java:1190) ~[tomcat-embed-core-10.1.31.jar:10.1.31]
	at org.apache.tomcat.util.threads.ThreadPoolExecutor$Worker.run(ThreadPoolExecutor.java:659) ~[tomcat-embed-core-10.1.31.jar:10.1.31]
	at org.apache.tomcat.util.threads.TaskThread$WrappingRunnable.run(TaskThread.java:63) ~[tomcat-embed-core-10.1.31.jar:10.1.31]
	at java.base/java.lang.Thread.run(Thread.java:833) ~[na:na]

2024-11-12T17:47:18.960Z  INFO 13004 --- [spring] [http-nio-8080-exec-10] c.s.controllers.LibraryController        : Book exists
2024-11-12T17:47:25.900Z  INFO 13004 --- [spring] [http-nio-8080-exec-2] c.s.controllers.LibraryController        : Book exists
2024-11-12T17:47:32.427Z  INFO 13004 --- [spring] [http-nio-8080-exec-3] c.s.controllers.LibraryController        : Book exists
2024-11-12T17:48:08.599Z  INFO 13004 --- [spring] [http-nio-8080-exec-6] c.s.controllers.LibraryController        : Book exists
